2018-11-04 09:05:34.511  INFO 3629 --- [main] com.rain.app.SecondhandApplication       : Starting SecondhandApplication on RaindeMacBook-Pro.local with PID 3629 (/Users/rain/Documents/RainCode/JavaWed/spring/Secondhand/target/classes started by rain in /Users/rain/Documents/RainCode/JavaWed/spring/Secondhand)
2018-11-04 09:05:34.519  INFO 3629 --- [main] com.rain.app.SecondhandApplication       : No active profile set, falling back to default profiles: default
2018-11-04 09:05:34.578  INFO 3629 --- [main] ConfigServletWebServerApplicationContext : Refreshing org.springframework.boot.web.servlet.context.AnnotationConfigServletWebServerApplicationContext@4562e04d: startup date [Sun Nov 04 09:05:34 CST 2018]; root of context hierarchy
2018-11-04 09:05:35.886  INFO 3629 --- [main] o.s.b.w.embedded.tomcat.TomcatWebServer  : Tomcat initialized with port(s): 8090 (http)
2018-11-04 09:05:35.909  INFO 3629 --- [main] o.apache.catalina.core.StandardService   : Starting service [Tomcat]
2018-11-04 09:05:35.909  INFO 3629 --- [main] org.apache.catalina.core.StandardEngine  : Starting Servlet Engine: Apache Tomcat/8.5.34
2018-11-04 09:05:35.913  INFO 3629 --- [localhost-startStop-1] o.a.catalina.core.AprLifecycleListener   : The APR based Apache Tomcat Native library which allows optimal performance in production environments was not found on the java.library.path: [/Users/rain/Library/Java/Extensions:/Library/Java/Extensions:/Network/Library/Java/Extensions:/System/Library/Java/Extensions:/usr/lib/java:.]
2018-11-04 09:05:35.980  INFO 3629 --- [localhost-startStop-1] o.a.c.c.C.[Tomcat].[localhost].[/]       : Initializing Spring embedded WebApplicationContext
2018-11-04 09:05:35.981  INFO 3629 --- [localhost-startStop-1] o.s.web.context.ContextLoader            : Root WebApplicationContext: initialization completed in 1402 ms
2018-11-04 09:05:36.024  INFO 3629 --- [localhost-startStop-1] o.s.b.w.servlet.ServletRegistrationBean  : Servlet dispatcherServlet mapped to [/]
2018-11-04 09:05:36.027  INFO 3629 --- [localhost-startStop-1] o.s.b.w.servlet.FilterRegistrationBean   : Mapping filter: 'characterEncodingFilter' to: [/*]
2018-11-04 09:05:36.027  INFO 3629 --- [localhost-startStop-1] o.s.b.w.servlet.FilterRegistrationBean   : Mapping filter: 'hiddenHttpMethodFilter' to: [/*]
2018-11-04 09:05:36.027  INFO 3629 --- [localhost-startStop-1] o.s.b.w.servlet.FilterRegistrationBean   : Mapping filter: 'httpPutFormContentFilter' to: [/*]
2018-11-04 09:05:36.027  INFO 3629 --- [localhost-startStop-1] o.s.b.w.servlet.FilterRegistrationBean   : Mapping filter: 'requestContextFilter' to: [/*]
2018-11-04 09:05:36.329  INFO 3629 --- [main] o.s.w.s.handler.SimpleUrlHandlerMapping  : Mapped URL path [/**/favicon.ico] onto handler of type [class org.springframework.web.servlet.resource.ResourceHttpRequestHandler]
2018-11-04 09:05:36.489  INFO 3629 --- [main] s.w.s.m.m.a.RequestMappingHandlerAdapter : Looking for @ControllerAdvice: org.springframework.boot.web.servlet.context.AnnotationConfigServletWebServerApplicationContext@4562e04d: startup date [Sun Nov 04 09:05:34 CST 2018]; root of context hierarchy
2018-11-04 09:05:36.633  INFO 3629 --- [main] s.w.s.m.m.a.RequestMappingHandlerMapping : Mapped "{[/index/myorder]}" onto public java.lang.String com.rain.app.web.controller.BuyController.myorder(org.springframework.web.context.request.WebRequest)
2018-11-04 09:05:36.633  INFO 3629 --- [main] s.w.s.m.m.a.RequestMappingHandlerMapping : Mapped "{[/index/mycart]}" onto public java.lang.String com.rain.app.web.controller.BuyController.mycart(org.springframework.web.context.request.WebRequest)
2018-11-04 09:05:36.634  INFO 3629 --- [main] s.w.s.m.m.a.RequestMappingHandlerMapping : Mapped "{[/index/addcart]}" onto public java.lang.String com.rain.app.web.controller.BuyController.addcart(javax.servlet.http.HttpServletRequest,java.lang.String)
2018-11-04 09:05:36.634  INFO 3629 --- [main] s.w.s.m.m.a.RequestMappingHandlerMapping : Mapped "{[/index/shopping]}" onto public java.lang.String com.rain.app.web.controller.BuyController.shopping(org.springframework.web.context.request.WebRequest)
2018-11-04 09:05:36.634  INFO 3629 --- [main] s.w.s.m.m.a.RequestMappingHandlerMapping : Mapped "{[/index/buyshopping]}" onto public java.lang.String com.rain.app.web.controller.BuyController.buyshopping()
2018-11-04 09:05:36.637  INFO 3629 --- [main] s.w.s.m.m.a.RequestMappingHandlerMapping : Mapped "{[/index/index]}" onto public java.lang.String com.rain.app.web.controller.IndexController.index(javax.servlet.http.HttpServletRequest)
2018-11-04 09:05:36.637  INFO 3629 --- [main] s.w.s.m.m.a.RequestMappingHandlerMapping : Mapped "{[/register]}" onto public java.lang.String com.rain.app.web.controller.IndexController.register()
2018-11-04 09:05:36.637  INFO 3629 --- [main] s.w.s.m.m.a.RequestMappingHandlerMapping : Mapped "{[/index/addshopping]}" onto public java.lang.String com.rain.app.web.controller.IndexController.addshopping()
2018-11-04 09:05:36.637  INFO 3629 --- [main] s.w.s.m.m.a.RequestMappingHandlerMapping : Mapped "{[/testuploadimg],methods=[POST]}" onto public java.lang.String com.rain.app.web.controller.IndexController.uploadImg(org.springframework.web.multipart.MultipartFile,javax.servlet.http.HttpServletRequest,java.lang.String,java.lang.String,java.lang.String)
2018-11-04 09:05:36.638  INFO 3629 --- [main] s.w.s.m.m.a.RequestMappingHandlerMapping : Mapped "{[/index/myshopping]}" onto public java.lang.String com.rain.app.web.controller.IndexController.myshopping(org.springframework.web.context.request.WebRequest)
2018-11-04 09:05:36.638  INFO 3629 --- [main] s.w.s.m.m.a.RequestMappingHandlerMapping : Mapped "{[/login]}" onto public java.lang.String com.rain.app.web.controller.IndexController.login()
2018-11-04 09:05:36.638  INFO 3629 --- [main] s.w.s.m.m.a.RequestMappingHandlerMapping : Mapped "{[/register_validate],methods=[POST]}" onto public java.lang.String com.rain.app.web.controller.IndexController.register2(java.lang.String,org.springframework.ui.Model,java.lang.String,java.lang.String,java.lang.String)
2018-11-04 09:05:36.638  INFO 3629 --- [main] s.w.s.m.m.a.RequestMappingHandlerMapping : Mapped "{[/login_validate],methods=[POST]}" onto public java.lang.String com.rain.app.web.controller.IndexController.login2(java.lang.String,java.lang.String,java.lang.String,javax.servlet.http.HttpServletRequest)
2018-11-04 09:05:36.640  INFO 3629 --- [main] s.w.s.m.m.a.RequestMappingHandlerMapping : Mapped "{[/error]}" onto public org.springframework.http.ResponseEntity<java.util.Map<java.lang.String, java.lang.Object>> org.springframework.boot.autoconfigure.web.servlet.error.BasicErrorController.error(javax.servlet.http.HttpServletRequest)
2018-11-04 09:05:36.641  INFO 3629 --- [main] s.w.s.m.m.a.RequestMappingHandlerMapping : Mapped "{[/error],produces=[text/html]}" onto public org.springframework.web.servlet.ModelAndView org.springframework.boot.autoconfigure.web.servlet.error.BasicErrorController.errorHtml(javax.servlet.http.HttpServletRequest,javax.servlet.http.HttpServletResponse)
2018-11-04 09:05:36.660  INFO 3629 --- [main] o.s.w.s.handler.SimpleUrlHandlerMapping  : Mapped URL path [/webjars/**] onto handler of type [class org.springframework.web.servlet.resource.ResourceHttpRequestHandler]
2018-11-04 09:05:36.660  INFO 3629 --- [main] o.s.w.s.handler.SimpleUrlHandlerMapping  : Mapped URL path [/**] onto handler of type [class org.springframework.web.servlet.resource.ResourceHttpRequestHandler]
2018-11-04 09:05:36.743  INFO 3629 --- [main] o.s.b.a.w.s.WelcomePageHandlerMapping    : Adding welcome page template: index
2018-11-04 09:05:36.896  INFO 3629 --- [main] o.s.j.e.a.AnnotationMBeanExporter        : Registering beans for JMX exposure on startup
2018-11-04 09:05:36.897  INFO 3629 --- [main] o.s.j.e.a.AnnotationMBeanExporter        : Bean with name 'dataSource' has been autodetected for JMX exposure
2018-11-04 09:05:36.902  INFO 3629 --- [main] o.s.j.e.a.AnnotationMBeanExporter        : Located MBean 'dataSource': registering with JMX server as MBean [com.zaxxer.hikari:name=dataSource,type=HikariDataSource]
2018-11-04 09:05:36.946  INFO 3629 --- [main] o.s.b.w.embedded.tomcat.TomcatWebServer  : Tomcat started on port(s): 8090 (http) with context path ''
2018-11-04 09:05:36.951  INFO 3629 --- [main] com.rain.app.SecondhandApplication       : Started SecondhandApplication in 2.971 seconds (JVM running for 3.869)
2018-11-04 09:05:45.723  INFO 3629 --- [http-nio-8090-exec-1] o.a.c.c.C.[Tomcat].[localhost].[/]       : Initializing Spring FrameworkServlet 'dispatcherServlet'
2018-11-04 09:05:45.724  INFO 3629 --- [http-nio-8090-exec-1] o.s.web.servlet.DispatcherServlet        : FrameworkServlet 'dispatcherServlet': initialization started
2018-11-04 09:05:45.744  INFO 3629 --- [http-nio-8090-exec-1] o.s.web.servlet.DispatcherServlet        : FrameworkServlet 'dispatcherServlet': initialization completed in 20 ms
2018-11-04 09:06:47.928  INFO 3629 --- [http-nio-8090-exec-1] com.zaxxer.hikari.HikariDataSource       : HikariPool-1 - Starting...
2018-11-04 09:06:48.102  INFO 3629 --- [http-nio-8090-exec-1] com.zaxxer.hikari.HikariDataSource       : HikariPool-1 - Start completed.
2018-11-04 09:09:35.872  INFO 3629 --- [Thread-9] ConfigServletWebServerApplicationContext : Closing org.springframework.boot.web.servlet.context.AnnotationConfigServletWebServerApplicationContext@4562e04d: startup date [Sun Nov 04 09:05:34 CST 2018]; root of context hierarchy
2018-11-04 09:09:35.877  INFO 3629 --- [Thread-9] o.s.j.e.a.AnnotationMBeanExporter        : Unregistering JMX-exposed beans on shutdown
2018-11-04 09:09:35.877  INFO 3629 --- [Thread-9] o.s.j.e.a.AnnotationMBeanExporter        : Unregistering JMX-exposed beans
2018-11-04 09:09:35.880  INFO 3629 --- [Thread-9] com.zaxxer.hikari.HikariDataSource       : HikariPool-1 - Shutdown initiated...
2018-11-04 09:09:35.884  INFO 3629 --- [Thread-9] com.zaxxer.hikari.HikariDataSource       : HikariPool-1 - Shutdown completed.
